<subsystem xmlns="urn:wildfly:test:1.0">
</subsystem>